======================================================================
  FPL Season Simulator — GW1 to GW38
  SEASON=2023-24 | RULES_MODE=corrected | CHIP_STRATEGY=v2 | OPTIMIZER=mp | out=season_simulation_corrected_mp_2023-24.json
======================================================================

[LOAD] Loading data...
  [TRAIN-CUT] train_gk.csv: 4421 -> 2917 rows (seasons < 2023-24)
  [TRAIN-CUT] train_def.csv: 18828 -> 12440 rows (seasons < 2023-24)
  [TRAIN-CUT] train_mid.csv: 22132 -> 14379 rows (seasons < 2023-24)
  [TRAIN-CUT] train_fwd.csv: 5663 -> 3917 rows (seasons < 2023-24)
  [AVAIL] intel data is 2025-26-only — disabled for 2023-24
  [RECS] intel data is 2025-26-only — disabled for 2023-24
  Players: 865 | DGW GWs in range: [7, 25, 28, 34, 35, 37]
  Blank GWs in range: [2, 17, 18, 26, 29, 34] | Chip strategy: v2
  Availability data: 0 GWs loaded

[LOAD] Building historical team form lookup (Intel 08)...
  [HIST TEAM FORM] Loaded 4374 team-GW entries from vaastav

[TRAIN] Initial models from all 6-season historical data...
  Training GW1 models on all 6-season historical data:
    GK: 2917 rows
    DEF: 12440 rows
    MID: 14379 rows
    FWD: 3917 rows

----------------------------------------------------------------------
  GW 1  |  FT: 1  |  Bank: 0.0m
  [GW1 pool] 865 players | exact=379 partial=53 pos_avg=433
  [GW1 TEAM FORM] disabled for 2023-24 (id mapping is 2025-26-specific) — league-average prior
  [CHIP-GUARD] WC held — only 0 squad players below replacement (< 4)
  [MILP] solver: HiGHS
  [MILP-H] plan ahead: hold | chips: none | ft_plan {1: 1, 2: 2, 3: 3, 4: 4, 5: 5}
  [RETRAIN] History (w=1.0) + GW1-1 actuals (w=2)...
    GK: 2917 rows
    DEF: 12440 rows
    MID: 14379 rows
    FWD: 3917 rows
  Predicted: 140.3 | Actual: 71 | Cap: Haaland | Hits: 0
  FT next GW: 2 | Bank: 0.0m | Squad val: 100.0m
  [SAVED]

----------------------------------------------------------------------
  GW 2  |  FT: 2  |  Bank: 0.0m
  [TEAM FORM] GW2 top attack: [(15, 5.0), (5, 4.0), (13, 3.0)] | top defence: [(1, 1.0), (4, 1.0), (5, 1.0)]
  [MILP-H] plan ahead: GW3:1t, GW4:1t, GW5:8t, GW6:5t | chips: wc1@GW5 | ft_plan {2: 2, 3: 1, 4: 1, 5: 1, 6: 5}
  [RETRAIN] History (w=1.0) + GW1-2 actuals (w=3)...
    GK: 2986 rows
    DEF: 12637 rows
    MID: 14635 rows
    FWD: 3990 rows
  Predicted: 52.5 | Actual: 52 | Cap: De Bruyne | Hits: 2
  FT next GW: 1 | Bank: 0.0m | Squad val: 100.1m
  [SAVED]

----------------------------------------------------------------------
  GW 3  |  FT: 1  |  Bank: 0.0m
  [TEAM FORM] GW3 top attack: [(5, 4.0), (2, 2.5), (4, 2.5)] | top defence: [(1, 1.0), (4, 1.0), (13, 1.0)]
  [CHIP-GUARD] WC held — only 1 squad players below replacement (< 4)
  [MILP-H] plan ahead: GW4:1t, GW5:1t, GW6:1t, GW7:12t | chips: tc1@GW5, bb1@GW6, fh1@GW7 | ft_plan {3: 1, 4: 1, 5: 1, 6: 1, 7: 1}
  [RETRAIN] History (w=1.0) + GW1-3 actuals (w=4)...
    GK: 3067 rows
    DEF: 12859 rows
    MID: 14929 rows
    FWD: 4078 rows
  Predicted: 47.0 | Actual: 34 | Cap: Wissa | Hits: 0
  FT next GW: 1 | Bank: 0.5m | Squad val: 99.9m
  [SAVED]

----------------------------------------------------------------------
  GW 4  |  FT: 1  |  Bank: 0.5m
  [TEAM FORM] GW4 top attack: [(5, 3.0), (2, 2.6666666666666665), (19, 2.3333333333333335)] | top defence: [(4, 1.0), (1, 0.6666666666666666), (10, 0.6666666666666666)]
  [CHIP-GUARD] WC held — only 1 squad players below replacement (< 4)
  [MILP-H] plan ahead: GW5:1t, GW6:1t, GW7:12t, GW8:2t | chips: bb1@GW5, tc1@GW6, fh1@GW7 | ft_plan {4: 1, 5: 1, 6: 1, 7: 1, 8: 2}
  [RETRAIN] History (w=1.0) + GW1-4 actuals (w=5)...
    GK: 3151 rows
    DEF: 13088 rows
    MID: 15229 rows
    FWD: 4168 rows
  Predicted: 45.5 | Actual: 45 | Cap: Foden | Hits: 0
  FT next GW: 1 | Bank: 2.8m | Squad val: 97.8m
  [SAVED]

----------------------------------------------------------------------
  GW 5  |  FT: 1  |  Bank: 2.8m
  [TEAM FORM] GW5 top attack: [(5, 2.6666666666666665), (13, 2.6666666666666665), (18, 2.6666666666666665)] | top defence: [(4, 0.6666666666666666), (18, 0.6666666666666666), (19, 0.6666666666666666)]
  [CHIP-GUARD] WC held — only 2 squad players below replacement (< 4)
  [MILP-H] plan ahead: GW6:1t, GW7:12t, GW8:2t, GW9:1t | chips: bb1@GW5, tc1@GW6, fh1@GW7 | ft_plan {5: 1, 6: 1, 7: 1, 8: 2, 9: 1}
  [RETRAIN] History (w=1.0) + GW1-5 actuals (w=6)...
    GK: 3236 rows
    DEF: 13320 rows
    MID: 15537 rows
    FWD: 4260 rows
  Predicted: 51.1 | Actual: 52 | Cap: Haaland [BB1] | Hits: 2
  FT next GW: 1 | Bank: 1.4m | Squad val: 99.1m
  [SAVED]

----------------------------------------------------------------------
  GW 6  |  FT: 1  |  Bank: 1.4m
  [TEAM FORM] GW6 top attack: [(13, 3.3333333333333335), (18, 3.0), (5, 2.3333333333333335)] | top defence: [(5, 0.6666666666666666), (7, 0.6666666666666666), (9, 0.6666666666666666)]
  [CHIP-GUARD] WC held — only 0 squad players below replacement (< 4)
  [MILP-H] plan ahead: GW7:11t, GW8:2t, GW9:1t, GW10:1t | chips: tc1@GW6, fh1@GW7 | ft_plan {6: 1, 7: 1, 8: 2, 9: 1, 10: 1}
  [RETRAIN] History (w=1.0) + GW1-6 actuals (w=7)...
    GK: 3321 rows
    DEF: 13552 rows
    MID: 15846 rows
    FWD: 4352 rows
  Predicted: 61.3 | Actual: 80 | Cap: Haaland [TC1] | Hits: 0
  FT next GW: 1 | Bank: 2.7m | Squad val: 98.0m
  [SAVED]

----------------------------------------------------------------------
  GW 7  |  FT: 1  |  Bank: 2.7m
  [TEAM FORM] GW7 top attack: [(13, 3.3333333333333335), (15, 3.3333333333333335), (18, 3.0)] | top defence: [(5, 0.6666666666666666), (7, 0.6666666666666666), (10, 0.6666666666666666)]
  [CHIP-GUARD] WC held — only 2 squad players below replacement (< 4)
  [MILP-H] plan ahead: GW8:2t, GW9:1t, GW11:2t | chips: fh1@GW7 | ft_plan {7: 1, 8: 2, 9: 1, 10: 1, 11: 2}
  [RETRAIN] History (w=1.0) + GW1-7 actuals (w=8)...
    GK: 3406 rows
    DEF: 13785 rows
    MID: 16156 rows
    FWD: 4446 rows
  Predicted: 62.7 | Actual: 71 | Cap: Haaland [FH1] | Hits: 0
  FT next GW: 2 | Bank: 2.7m | Squad val: 98.2m
  [SAVED]

----------------------------------------------------------------------
  GW 8  |  FT: 2  |  Bank: 2.7m
  [TEAM FORM] GW8 top attack: [(15, 3.6666666666666665), (2, 3.0), (1, 2.0)] | top defence: [(7, 1.0), (10, 1.0), (15, 1.0)]
  [CHIP-GUARD] WC held — only 0 squad players below replacement (< 4)
  [MILP-H] plan ahead: GW9:1t, GW10:1t, GW11:1t, GW12:1t | chips: none | ft_plan {8: 2, 9: 1, 10: 1, 11: 1, 12: 1}
  [RETRAIN] History (w=1.0) + GW1-8 actuals (w=9)...
    GK: 3491 rows
    DEF: 14020 rows
    MID: 16467 rows
    FWD: 4540 rows
  Predicted: 51.6 | Actual: 38 | Cap: Son | Hits: 1
  FT next GW: 1 | Bank: 1.0m | Squad val: 100.3m
  [SAVED]

----------------------------------------------------------------------
  GW 9  |  FT: 1  |  Bank: 1.0m
  [TEAM FORM] GW9 top attack: [(15, 4.0), (2, 2.3333333333333335), (9, 2.3333333333333335)] | top defence: [(8, 1.0), (1, 0.6666666666666666), (4, 0.6666666666666666)]
  [CHIP-GUARD] WC held — only 1 squad players below replacement (< 4)
  [MILP-H] plan ahead: GW10:1t, GW11:1t, GW12:1t, GW13:1t | chips: none | ft_plan {9: 1, 10: 1, 11: 1, 12: 1, 13: 1}
  [RETRAIN] History (w=1.0) + GW1-9 actuals (w=10)...
    GK: 3576 rows
    DEF: 14257 rows
    MID: 16781 rows
    FWD: 4634 rows
  Predicted: 56.4 | Actual: 77 | Cap: Son | Hits: 2
  FT next GW: 1 | Bank: 5.5m | Squad val: 96.2m
  [SAVED]

----------------------------------------------------------------------
  GW 10  |  FT: 1  |  Bank: 5.5m
  [TEAM FORM] GW10 top attack: [(2, 3.3333333333333335), (15, 2.6666666666666665), (1, 2.3333333333333335)] | top defence: [(1, 0.6666666666666666), (4, 0.6666666666666666), (7, 0.6666666666666666)]
  [CHIP-GUARD] WC held — only 0 squad players below replacement (< 4)
  [MILP-H] plan ahead: GW11:1t, GW12:1t, GW13:1t, GW14:1t | chips: none | ft_plan {10: 1, 11: 1, 12: 1, 13: 1, 14: 1}
  [RETRAIN] History (w=1.0) + GW1-10 actuals (w=11)...
    GK: 3661 rows
    DEF: 14495 rows
    MID: 17095 rows
    FWD: 4728 rows
  Predicted: 58.2 | Actual: 78 | Cap: Haaland | Hits: 1
  FT next GW: 1 | Bank: 0.0m | Squad val: 101.7m
  [SAVED]

----------------------------------------------------------------------
  GW 11  |  FT: 1  |  Bank: 0.0m
  [TEAM FORM] GW11 top attack: [(1, 2.6666666666666665), (15, 2.6666666666666665), (2, 2.3333333333333335)] | top defence: [(4, 1.0), (9, 1.0), (18, 1.0)]
  [CHIP-GUARD] WC held — only 2 squad players below replacement (< 4)
  [MILP-H] plan ahead: GW12:1t, GW13:1t, GW15:2t | chips: none | ft_plan {11: 1, 12: 1, 13: 1, 14: 1, 15: 2}
  [RETRAIN] History (w=1.0) + GW1-11 actuals (w=12)...
    GK: 3746 rows
    DEF: 14734 rows
    MID: 17410 rows
    FWD: 4822 rows
  Predicted: 58.6 | Actual: 20 | Cap: Son | Hits: 2
  FT next GW: 1 | Bank: 0.6m | Squad val: 101.6m
  [SAVED]

----------------------------------------------------------------------
  GW 12  |  FT: 1  |  Bank: 0.6m
  [TEAM FORM] GW12 top attack: [(13, 3.6666666666666665), (1, 2.3333333333333335), (4, 2.3333333333333335)] | top defence: [(11, 1.0), (4, 0.6666666666666666), (9, 0.6666666666666666)]
  [CHIP-GUARD] WC held — only 3 squad players below replacement (< 4)
  [MILP-H] plan ahead: GW13:1t, GW14:1t, GW15:1t, GW16:1t | chips: none | ft_plan {12: 1, 13: 1, 14: 1, 15: 1, 16: 1}
  [RETRAIN] History (w=1.0) + GW1-12 actuals (w=13)...
    GK: 3831 rows
    DEF: 14975 rows
    MID: 17731 rows
    FWD: 4918 rows
  Predicted: 54.2 | Actual: 63 | Cap: Haaland | Hits: 2
  FT next GW: 1 | Bank: 0.1m | Squad val: 102.3m
  [SAVED]

----------------------------------------------------------------------
  GW 13  |  FT: 1  |  Bank: 0.1m
  [TEAM FORM] GW13 top attack: [(13, 4.333333333333333), (1, 2.6666666666666665), (7, 2.6666666666666665)] | top defence: [(11, 1.0), (2, 0.6666666666666666), (4, 0.6666666666666666)]
  [CHIP-GUARD] WC held — only 3 squad players below replacement (< 4)
  [MILP-H] plan ahead: GW14:1t, GW15:1t, GW16:1t, GW17:1t | chips: none | ft_plan {13: 1, 14: 1, 15: 1, 16: 1, 17: 1}
  [RETRAIN] History (w=1.0) + GW1-13 actuals (w=14)...
    GK: 3916 rows
    DEF: 15217 rows
    MID: 18053 rows
    FWD: 5016 rows
  Predicted: 51.6 | Actual: 35 | Cap: Salah | Hits: 1
  FT next GW: 1 | Bank: 0.4m | Squad val: 102.2m
  [SAVED]

----------------------------------------------------------------------
  GW 14  |  FT: 1  |  Bank: 0.4m
  [TEAM FORM] GW14 top attack: [(13, 3.6666666666666665), (7, 3.0), (3, 2.0)] | top defence: [(14, 1.0), (3, 0.6666666666666666), (4, 0.6666666666666666)]
  [CHIP-GUARD] WC held — only 3 squad players below replacement (< 4)
  [MILP-H] plan ahead: GW15:1t, GW16:1t, GW17:1t, GW18:1t | chips: none | ft_plan {14: 1, 15: 1, 16: 1, 17: 1, 18: 1}
  [RETRAIN] History (w=1.0) + GW1-14 actuals (w=15)...
    GK: 4002 rows
    DEF: 15461 rows
    MID: 18378 rows
    FWD: 5114 rows
  Predicted: 51.9 | Actual: 62 | Cap: Salah | Hits: 0
  FT next GW: 1 | Bank: -0.0m | Squad val: 102.6m
  [SAVED]

----------------------------------------------------------------------
  GW 15  |  FT: 1  |  Bank: -0.0m
  [TEAM FORM] GW15 top attack: [(7, 2.6666666666666665), (3, 2.3333333333333335), (6, 2.3333333333333335)] | top defence: [(4, 1.0), (1, 0.6666666666666666), (3, 0.6666666666666666)]
  [MILP-H] plan ahead: GW16:1t, GW17:2t, GW18:3t, GW19:2t | chips: wc1@GW15 | ft_plan {15: 1, 16: 5, 17: 5, 18: 4, 19: 2}
  [RETRAIN] History (w=1.0) + GW1-15 actuals (w=16)...
    GK: 4089 rows
    DEF: 15706 rows
    MID: 18705 rows
    FWD: 5212 rows
  Predicted: 59.0 | Actual: 36 | Cap: Haaland [WC1] | Hits: 0
  FT next GW: 2 | Bank: 0.1m | Squad val: 102.0m
  [SAVED]

----------------------------------------------------------------------
  GW 16  |  FT: 2  |  Bank: 0.1m
  [TEAM FORM] GW16 top attack: [(10, 3.6666666666666665), (1, 2.3333333333333335), (3, 2.3333333333333335)] | top defence: [(1, 0.6666666666666666), (3, 0.6666666666666666), (4, 0.6666666666666666)]
  [MILP-H] plan ahead: GW18:2t, GW19:1t, GW20:8t | chips: wc2@GW20 | ft_plan {16: 2, 17: 1, 18: 2, 19: 1, 20: 1}
  [RETRAIN] History (w=1.0) + GW1-16 actuals (w=17)...
    GK: 4176 rows
    DEF: 15951 rows
    MID: 19033 rows
    FWD: 5310 rows
  Predicted: 54.0 | Actual: 53 | Cap: Haaland | Hits: 0
  FT next GW: 1 | Bank: 0.1m | Squad val: 102.0m
  [SAVED]

----------------------------------------------------------------------
  GW 17  |  FT: 1  |  Bank: 0.1m
  [TEAM FORM] GW17 top attack: [(10, 4.333333333333333), (18, 2.6666666666666665), (3, 2.3333333333333335)] | top defence: [(9, 1.0), (2, 0.6666666666666666), (3, 0.6666666666666666)]
  [MILP-H] plan ahead: GW18:1t, GW19:1t, GW20:6t, GW21:5t | chips: wc2@GW20 | ft_plan {17: 1, 18: 1, 19: 1, 20: 1, 21: 5}
  [RETRAIN] History (w=1.0) + GW1-17 actuals (w=18)...
    GK: 4255 rows
    DEF: 16177 rows
    MID: 19328 rows
    FWD: 5396 rows
  Predicted: 55.3 | Actual: 59 | Cap: Salah | Hits: 2
  FT next GW: 1 | Bank: 0.8m | Squad val: 102.0m
  [SAVED]

----------------------------------------------------------------------
  GW 18  |  FT: 1  |  Bank: 0.8m
  [TEAM FORM] GW18 top attack: [(10, 3.3333333333333335), (3, 2.3333333333333335), (9, 2.3333333333333335)] | top defence: [(9, 1.0), (2, 0.6666666666666666), (3, 0.6666666666666666)]
  [MILP-H] plan ahead: GW19:1t, GW20:5t, GW21:4t, GW22:2t | chips: wc2@GW20 | ft_plan {18: 1, 19: 1, 20: 1, 21: 5, 22: 2}
  [RETRAIN] History (w=1.0) + GW1-18 actuals (w=19)...
    GK: 4334 rows
    DEF: 16404 rows
    MID: 19630 rows
    FWD: 5488 rows
  Predicted: 57.5 | Actual: 43 | Cap: Salah | Hits: 0
  FT next GW: 1 | Bank: 0.1m | Squad val: 103.0m
  [SAVED]

----------------------------------------------------------------------
  GW 19  |  FT: 1  |  Bank: 0.1m
  [TEAM FORM] GW19 top attack: [(3, 2.6666666666666665), (18, 2.6666666666666665), (9, 1.6666666666666667)] | top defence: [(9, 1.0), (18, 1.0), (2, 0.6666666666666666)]
  [MILP-H] plan ahead: GW20:8t, GW21:3t, GW22:2t, GW23:2t | chips: wc2@GW20 | ft_plan {19: 1, 20: 1, 21: 5, 22: 3, 23: 2}
  [RETRAIN] History (w=1.0) + GW1-19 actuals (w=20)...
    GK: 4422 rows
    DEF: 16653 rows
    MID: 19966 rows
    FWD: 5586 rows
  Predicted: 52.8 | Actual: 46 | Cap: Salah | Hits: 0
  FT next GW: 1 | Bank: 0.6m | Squad val: 102.8m
  [SAVED]

----------------------------------------------------------------------
  GW 20  |  FT: 1  |  Bank: 0.6m
  [TEAM FORM] GW20 top attack: [(3, 3.0), (13, 2.3333333333333335), (19, 2.3333333333333335)] | top defence: [(19, 1.0), (3, 0.6666666666666666), (9, 0.6666666666666666)]
  [CHIP-GUARD] WC held — only 2 squad players below replacement (< 4)
  [MILP-H] plan ahead: GW21:1t, GW22:1t, GW24:2t | chips: none | ft_plan {20: 1, 21: 1, 22: 1, 23: 1, 24: 2}
  [RETRAIN] History (w=1.0) + GW1-20 actuals (w=21)...
    GK: 4510 rows
    DEF: 16903 rows
    MID: 20303 rows
    FWD: 5684 rows
  Predicted: 54.9 | Actual: 77 | Cap: Salah | Hits: 0
  FT next GW: 1 | Bank: 1.0m | Squad val: 102.5m
  [SAVED]

----------------------------------------------------------------------
  GW 21  |  FT: 1  |  Bank: 1.0m
  [TEAM FORM] GW21 top attack: [(20, 3.0), (3, 2.3333333333333335), (11, 2.3333333333333335)] | top defence: [(19, 1.0), (5, 0.6666666666666666), (18, 0.6666666666666666)]
  [CHIP-GUARD] WC held — only 2 squad players below replacement (< 4)
  [MILP-H] plan ahead: GW22:1t, GW23:1t, GW24:1t, GW25:1t | chips: tc2@GW25 | ft_plan {21: 1, 22: 1, 23: 1, 24: 1, 25: 1}
  [RETRAIN] History (w=1.0) + GW1-21 actuals (w=22)...
    GK: 4599 rows
    DEF: 17157 rows
    MID: 20645 rows
    FWD: 5786 rows
  Predicted: 54.5 | Actual: 42 | Cap: Salah | Hits: 0
  FT next GW: 1 | Bank: 1.6m | Squad val: 102.4m
  [SAVED]

----------------------------------------------------------------------
  GW 22  |  FT: 1  |  Bank: 1.6m
  [TEAM FORM] GW22 top attack: [(11, 3.3333333333333335), (13, 2.6666666666666665), (16, 2.3333333333333335)] | top defence: [(5, 1.0), (10, 0.6666666666666666), (11, 0.6666666666666666)]
  [CHIP-GUARD] WC held — only 2 squad players below replacement (< 4)
  [MILP-H] plan ahead: GW23:1t, GW24:1t, GW25:1t, GW26:10t | chips: bb2@GW25, fh2@GW26 | ft_plan {22: 1, 23: 1, 24: 1, 25: 1, 26: 1}
  [RETRAIN] History (w=1.0) + GW1-22 actuals (w=23)...
    GK: 4690 rows
    DEF: 17415 rows
    MID: 20993 rows
    FWD: 5888 rows
  Predicted: 52.5 | Actual: 47 | Cap: Son | Hits: 2
  FT next GW: 1 | Bank: 2.8m | Squad val: 100.4m
  [SAVED]

----------------------------------------------------------------------
  GW 23  |  FT: 1  |  Bank: 2.8m
  [TEAM FORM] GW23 top attack: [(11, 4.0), (13, 2.6666666666666665), (18, 2.6666666666666665)] | top defence: [(10, 1.0), (1, 0.6666666666666666), (5, 0.6666666666666666)]
  [CHIP-GUARD] WC held — only 1 squad players below replacement (< 4)
  [MILP-H] plan ahead: GW24:1t, GW25:1t, GW26:9t, GW27:2t | chips: bb2@GW25, fh2@GW26 | ft_plan {23: 1, 24: 1, 25: 1, 26: 1, 27: 2}
  [RETRAIN] History (w=1.0) + GW1-23 actuals (w=24)...
    GK: 4782 rows
    DEF: 17676 rows
    MID: 21345 rows
    FWD: 5992 rows
  Predicted: 52.4 | Actual: 58 | Cap: Saka | Hits: 2
  FT next GW: 1 | Bank: 6.3m | Squad val: 96.8m
  [SAVED]

----------------------------------------------------------------------
  GW 24  |  FT: 1  |  Bank: 6.3m
  [TEAM FORM] GW24 top attack: [(1, 3.0), (12, 3.0), (13, 3.0)] | top defence: [(1, 0.6666666666666666), (2, 0.6666666666666666), (5, 0.6666666666666666)]
  [CHIP-GUARD] WC held — only 1 squad players below replacement (< 4)
  [MILP-H] plan ahead: GW25:1t, GW26:8t, GW27:2t, GW28:1t | chips: tc2@GW25, fh2@GW26, bb2@GW28 | ft_plan {24: 1, 25: 1, 26: 1, 27: 2, 28: 1}
  [RETRAIN] History (w=1.0) + GW1-24 actuals (w=25)...
    GK: 4875 rows
    DEF: 17937 rows
    MID: 21700 rows
    FWD: 6097 rows
  Predicted: 53.5 | Actual: 36 | Cap: Watkins | Hits: 2
  FT next GW: 1 | Bank: 5.2m | Squad val: 97.5m
  [SAVED]

----------------------------------------------------------------------
  GW 25  |  FT: 1  |  Bank: 5.2m
  [TEAM FORM] GW25 top attack: [(1, 3.6666666666666665), (12, 3.0), (14, 3.0)] | top defence: [(1, 0.6666666666666666), (13, 0.6666666666666666), (2, 0.3333333333333333)]
  [CHIP-GUARD] WC held — only 0 squad players below replacement (< 4)
  [MILP-H] plan ahead: GW26:1t, GW27:2t/-4, GW28:1t, GW29:11t | chips: tc2@GW25, bb2@GW28, fh2@GW29 | ft_plan {25: 1, 26: 1, 27: 1, 28: 1, 29: 1}
  [RETRAIN] History (w=1.0) + GW1-25 actuals (w=26)...
    GK: 4969 rows
    DEF: 18201 rows
    MID: 22057 rows
    FWD: 6205 rows
  Predicted: 91.3 | Actual: 86 | Cap: Diogo J. [TC2] | Hits: 2
  FT next GW: 1 | Bank: 0.5m | Squad val: 102.1m
  [SAVED]

----------------------------------------------------------------------
  GW 26  |  FT: 1  |  Bank: 0.5m
  [TEAM FORM] GW26 top attack: [(1, 4.666666666666667), (11, 3.6666666666666665), (5, 3.0)] | top defence: [(1, 0.6666666666666666), (4, 0.6666666666666666), (5, 0.6666666666666666)]
  [CHIP-GUARD] WC held — only 0 squad players below replacement (< 4)
  [MILP-H] plan ahead: GW28:2t, GW29:10t, GW30:2t | chips: bb2@GW28, fh2@GW29 | ft_plan {26: 1, 27: 1, 28: 2, 29: 1, 30: 2}
  [RETRAIN] History (w=1.0) + GW1-26 actuals (w=27)...
    GK: 5041 rows
    DEF: 18406 rows
    MID: 22346 rows
    FWD: 6288 rows
  Predicted: 49.2 | Actual: 69 | Cap: Haaland | Hits: 0
  FT next GW: 1 | Bank: 0.5m | Squad val: 102.4m
  [SAVED]

----------------------------------------------------------------------
  GW 27  |  FT: 1  |  Bank: 0.5m
  [TEAM FORM] GW27 top attack: [(1, 4.666666666666667), (11, 3.6666666666666665), (2, 2.3333333333333335)] | top defence: [(1, 1.0), (13, 1.0), (4, 0.6666666666666666)]
  [CHIP-GUARD] WC held — only 0 squad players below replacement (< 4)
  [MILP-H] plan ahead: GW28:1t, GW29:10t, GW30:2t, GW31:1t | chips: bb2@GW28, fh2@GW29 | ft_plan {27: 1, 28: 1, 29: 1, 30: 2, 31: 1}
  [RETRAIN] History (w=1.0) + GW1-27 actuals (w=28)...
    GK: 5135 rows
    DEF: 18674 rows
    MID: 22708 rows
    FWD: 6396 rows
  Predicted: 56.6 | Actual: 68 | Cap: Saka | Hits: 0
  FT next GW: 1 | Bank: 2.3m | Squad val: 100.9m
  [SAVED]

----------------------------------------------------------------------
  GW 28  |  FT: 1  |  Bank: 2.3m
  [TEAM FORM] GW28 top attack: [(1, 4.333333333333333), (11, 4.0), (2, 3.0)] | top defence: [(1, 1.0), (8, 1.0), (5, 0.6666666666666666)]
  [CHIP-GUARD] WC held — only 0 squad players below replacement (< 4)
  [MILP-H] plan ahead: GW29:12t, GW30:2t, GW31:1t, GW32:1t | chips: bb2@GW28, fh2@GW29 | ft_plan {28: 1, 29: 1, 30: 2, 31: 1, 32: 1}
  [RETRAIN] History (w=1.0) + GW1-28 actuals (w=29)...
    GK: 5230 rows
    DEF: 18945 rows
    MID: 23071 rows
    FWD: 6505 rows
  Predicted: 57.0 | Actual: 44 | Cap: Solanke [BB2] | Hits: 2
  FT next GW: 1 | Bank: 0.2m | Squad val: 103.2m
  [SAVED]

----------------------------------------------------------------------
  GW 29  |  FT: 1  |  Bank: 0.2m
  [TEAM FORM] GW29 top attack: [(1, 3.3333333333333335), (11, 3.3333333333333335), (19, 3.0)] | top defence: [(8, 1.0), (1, 0.6666666666666666), (5, 0.6666666666666666)]
  [CHIP-GUARD] WC held — only 0 squad players below replacement (< 4)
  [MILP-H] plan ahead: GW30:2t, GW31:1t, GW32:1t, GW33:1t | chips: fh2@GW29 | ft_plan {29: 1, 30: 2, 31: 1, 32: 1, 33: 1}
  [RETRAIN] History (w=1.0) + GW1-29 actuals (w=30)...
    GK: 5271 rows
    DEF: 19058 rows
    MID: 23213 rows
    FWD: 6553 rows
  Predicted: 42.0 | Actual: 30 | Cap: Watkins [FH2] | Hits: 0
  FT next GW: 2 | Bank: 0.2m | Squad val: 103.3m
  [SAVED]

----------------------------------------------------------------------
  GW 30  |  FT: 2  |  Bank: 0.2m
  [TEAM FORM] GW30 top attack: [(1, 3.3333333333333335), (11, 3.3333333333333335), (3, 2.6666666666666665)] | top defence: [(8, 1.0), (1, 0.6666666666666666), (5, 0.6666666666666666)]
  [CHIP-GUARD] WC held — only 1 squad players below replacement (< 4)
  [MILP-H] plan ahead: GW31:1t, GW32:1t, GW33:1t, GW34:1t | chips: none | ft_plan {30: 2, 31: 1, 32: 1, 33: 1, 34: 1}
  [RETRAIN] History (w=1.0) + GW1-30 actuals (w=31)...
    GK: 5366 rows
    DEF: 19329 rows
    MID: 23579 rows
    FWD: 6663 rows
  Predicted: 48.6 | Actual: 45 | Cap: Watkins | Hits: 1
  FT next GW: 1 | Bank: 0.4m | Squad val: 103.1m
  [SAVED]

----------------------------------------------------------------------
  GW 31  |  FT: 1  |  Bank: 0.4m
  [TEAM FORM] GW31 top attack: [(3, 3.0), (15, 3.0), (1, 2.3333333333333335)] | top defence: [(1, 0.6666666666666666), (3, 0.6666666666666666), (8, 0.6666666666666666)]
  [CHIP-GUARD] WC held — only 0 squad players below replacement (< 4)
  [MILP-H] plan ahead: GW34:2t, GW35:2t | chips: none | ft_plan {31: 1, 32: 1, 33: 2, 34: 3, 35: 2}
  [RETRAIN] History (w=1.0) + GW1-31 actuals (w=32)...
    GK: 5461 rows
    DEF: 19602 rows
    MID: 23945 rows
    FWD: 6773 rows
  Predicted: 57.4 | Actual: 43 | Cap: Saka | Hits: 2
  FT next GW: 1 | Bank: 0.2m | Squad val: 103.3m
  [SAVED]

----------------------------------------------------------------------
  GW 32  |  FT: 1  |  Bank: 0.2m
  [TEAM FORM] GW32 top attack: [(7, 3.0), (3, 2.6666666666666665), (10, 2.3333333333333335)] | top defence: [(1, 0.6666666666666666), (3, 0.6666666666666666), (4, 0.6666666666666666)]
  [CHIP-GUARD] WC held — only 1 squad players below replacement (< 4)
  [MILP-H] plan ahead: GW35:3t, GW36:1t | chips: none | ft_plan {32: 1, 33: 1, 34: 2, 35: 3, 36: 1}
  [RETRAIN] History (w=1.0) + GW1-32 actuals (w=33)...
    GK: 5557 rows
    DEF: 19876 rows
    MID: 24311 rows
    FWD: 6883 rows
  Predicted: 49.9 | Actual: 45 | Cap: Foden | Hits: 2
  FT next GW: 1 | Bank: -0.0m | Squad val: 103.9m
  [SAVED]

----------------------------------------------------------------------
  GW 33  |  FT: 1  |  Bank: -0.0m
  [TEAM FORM] GW33 top attack: [(7, 2.6666666666666665), (13, 2.6666666666666665), (11, 2.3333333333333335)] | top defence: [(1, 1.0), (3, 1.0), (4, 0.6666666666666666)]
  [CHIP-GUARD] WC held — only 0 squad players below replacement (< 4)
  [MILP-H] plan ahead: GW35:4t/-8, GW36:1t, GW37:1t | chips: none | ft_plan {33: 1, 34: 1, 35: 2, 36: 1, 37: 1}
  [RETRAIN] History (w=1.0) + GW1-33 actuals (w=34)...
    GK: 5653 rows
    DEF: 20150 rows
    MID: 24679 rows
    FWD: 6996 rows
  Predicted: 52.1 | Actual: 52 | Cap: Havertz | Hits: 1
  FT next GW: 1 | Bank: 0.3m | Squad val: 103.9m
  [SAVED]

----------------------------------------------------------------------
  GW 34  |  FT: 1  |  Bank: 0.3m
  [TEAM FORM] GW34 top attack: [(7, 4.0), (13, 4.0), (14, 2.3333333333333335)] | top defence: [(1, 1.0), (15, 1.0), (3, 0.6666666666666666)]
  [MILP-H] plan ahead: GW35:4t, GW36:2t, GW37:1t, GW38:1t | chips: wc2@GW34 | ft_plan {34: 1, 35: 5, 36: 2, 37: 1, 38: 1}
  [RETRAIN] History (w=1.0) + GW1-34 actuals (w=35)...
    GK: 5745 rows
    DEF: 20410 rows
    MID: 25034 rows
    FWD: 7104 rows
  Predicted: 93.8 | Actual: 123 | Cap: Havertz [WC2] | Hits: 0
  FT next GW: 2 | Bank: 0.3m | Squad val: 103.5m
  [SAVED]

----------------------------------------------------------------------
  GW 35  |  FT: 2  |  Bank: 0.3m
  [TEAM FORM] GW35 top attack: [(13, 4.0), (1, 3.3333333333333335), (4, 3.0)] | top defence: [(1, 1.0), (3, 0.6666666666666666), (4, 0.6666666666666666)]
  [MILP-H] plan ahead: GW36:2t/-4, GW37:1t, GW38:1t | chips: none | ft_plan {35: 2, 36: 1, 37: 1, 38: 1}
  [RETRAIN] History (w=1.0) + GW1-35 actuals (w=36)...
    GK: 5843 rows
    DEF: 20687 rows
    MID: 25405 rows
    FWD: 7217 rows
  Predicted: 69.0 | Actual: 62 | Cap: B.Fernandes | Hits: 0
  FT next GW: 1 | Bank: 4.4m | Squad val: 99.3m
  [SAVED]

----------------------------------------------------------------------
  GW 36  |  FT: 1  |  Bank: 4.4m
  [TEAM FORM] GW36 top attack: [(7, 3.3333333333333335), (13, 3.3333333333333335), (1, 3.0)] | top defence: [(1, 1.0), (13, 1.0), (3, 0.6666666666666666)]
  [MILP-H] plan ahead: GW37:1t, GW38:1t | chips: none | ft_plan {36: 1, 37: 1, 38: 1}
  [RETRAIN] History (w=1.0) + GW1-36 actuals (w=37)...
    GK: 5941 rows
    DEF: 20964 rows
    MID: 25776 rows
    FWD: 7330 rows
  Predicted: 62.5 | Actual: 70 | Cap: B.Fernandes | Hits: 1
  FT next GW: 1 | Bank: 1.2m | Squad val: 102.7m
  [SAVED]

----------------------------------------------------------------------
  GW 37  |  FT: 1  |  Bank: 1.2m
  [TEAM FORM] GW37 top attack: [(1, 4.0), (8, 3.6666666666666665), (13, 3.6666666666666665)] | top defence: [(1, 1.0), (3, 0.6666666666666666), (4, 0.6666666666666666)]
  [MILP-H] plan ahead: GW38:1t | chips: none | ft_plan {37: 1, 38: 1}
  [RETRAIN] History (w=1.0) + GW1-37 actuals (w=38)...
    GK: 6039 rows
    DEF: 21242 rows
    MID: 26148 rows
    FWD: 7443 rows
  Predicted: 96.2 | Actual: 108 | Cap: N.Jackson | Hits: 2
  FT next GW: 1 | Bank: 1.0m | Squad val: 103.2m
  [SAVED]

----------------------------------------------------------------------
  GW 38  |  FT: 1  |  Bank: 1.0m
  [TEAM FORM] GW38 top attack: [(7, 4.666666666666667), (13, 4.333333333333333), (15, 3.6666666666666665)] | top defence: [(1, 1.0), (7, 1.0), (3, 0.6666666666666666)]
  [MILP-H] plan ahead: hold | chips: none | ft_plan {38: 1}
  Predicted: 55.1 | Actual: 54 | Cap: Madueke | Hits: 0
  FT next GW: 1 | Bank: 1.7m | Squad val: 102.6m
  [SAVED]

======================================================================
  SIMULATION COMPLETE
  Total actual pts:    2174
  Total predicted:     2270.2
  Total penalties:     -136
  Chips used:          ['bb1', 'tc1', 'fh1', 'wc1', 'tc2', 'bb2', 'fh2', 'wc2']
======================================================================
