======================================================================
  FPL Season Simulator — GW1 to GW38
  SEASON=2025-26 | RULES_MODE=corrected | CHIP_STRATEGY=v2 | OPTIMIZER=mp | out=season_simulation_corrected_mp.json
======================================================================

[LOAD] Loading data...
  [RECS] recommendations.json: 38 GWs loaded
  Players: 841 | DGW GWs in range: [26, 33, 36]
  Blank GWs in range: [31, 34] | Chip strategy: v2
  Availability data: 38 GWs loaded

[LOAD] Building historical team form lookup (Intel 08)...
  [HIST TEAM FORM] Loaded 4374 team-GW entries from vaastav

[TRAIN] Initial models from all 6-season historical data...
  Training GW1 models on all 6-season historical data:
    GK: 4421 rows
    DEF: 18828 rows
    MID: 22132 rows
    FWD: 5663 rows

----------------------------------------------------------------------
  GW 1  |  FT: 1  |  Bank: 0.0m
  [GW1 pool] 841 players | exact=340 partial=66 pos_avg=435
  [GW1 TEAM FORM] Loaded 2024-25 averages for 17 teams
  [CHIP-GUARD] WC held — only 0 squad players below replacement (< 4)
  [MILP] solver: HiGHS
  [MILP-H] plan ahead: GW5:4t | chips: bb1@GW5 | ft_plan {1: 1, 2: 2, 3: 3, 4: 4, 5: 5}
  [RETRAIN] History (w=1.0) + GW1-1 actuals (w=2)...
    GK: 4421 rows
    DEF: 18828 rows
    MID: 22132 rows
    FWD: 5663 rows
  Predicted: 130.1 | Actual: 76 | Cap: Haaland | Hits: 0
  FT next GW: 2 | Bank: 0.1m | Squad val: 93.5m
  [SAVED]

----------------------------------------------------------------------
  GW 2  |  FT: 2  |  Bank: 0.1m
  [TEAM FORM] GW2 top attack: [(13, 6.0), (12, 4.0), (16, 3.0)] | top defence: [(1, 1.0), (2, 1.0), (6, 1.0)]
  [MILP-H] plan ahead: GW3:1t, GW4:1t, GW5:1t, GW6:1t | chips: bb1@GW5, tc1@GW6 | ft_plan {2: 2, 3: 1, 4: 1, 5: 1, 6: 1}
  [RETRAIN] History (w=1.0) + GW1-2 actuals (w=3)...
    GK: 4503 rows
    DEF: 19061 rows
    MID: 22447 rows
    FWD: 5738 rows
  Predicted: 50.8 | Actual: 48 | Cap: Haaland | Hits: 1
  FT next GW: 1 | Bank: 0.5m | Squad val: 93.0m
  [SAVED]

----------------------------------------------------------------------
  GW 3  |  FT: 1  |  Bank: 0.5m
  [TEAM FORM] GW3 top attack: [(12, 3.5), (1, 3.0), (13, 3.0)] | top defence: [(1, 1.0), (8, 1.0), (9, 1.0)]
  [MILP-H] plan ahead: GW4:1t, GW5:9t, GW6:2t, GW7:4t | chips: wc1@GW5, tc1@GW6, bb1@GW7 | ft_plan {3: 1, 4: 1, 5: 1, 6: 5, 7: 4}
  [RETRAIN] History (w=1.0) + GW1-3 actuals (w=4)...
    GK: 4585 rows
    DEF: 19297 rows
    MID: 22766 rows
    FWD: 5813 rows
  Predicted: 42.0 | Actual: 57 | Cap: Johnson | Hits: 0
  FT next GW: 1 | Bank: 0.0m | Squad val: 93.9m
  [SAVED]

----------------------------------------------------------------------
  GW 4  |  FT: 1  |  Bank: 0.0m
  [TEAM FORM] GW4 top attack: [(12, 2.6666666666666665), (13, 2.6666666666666665), (7, 2.3333333333333335)] | top defence: [(1, 1.0), (8, 1.0), (9, 1.0)]
  [MILP-H] plan ahead: GW5:10t, GW6:3t, GW7:3t, GW8:1t | chips: wc1@GW5, bb1@GW6, tc1@GW7 | ft_plan {4: 1, 5: 1, 6: 5, 7: 3, 8: 1}
  [RETRAIN] History (w=1.0) + GW1-4 actuals (w=5)...
    GK: 4671 rows
    DEF: 19542 rows
    MID: 23094 rows
    FWD: 5894 rows
  Predicted: 45.4 | Actual: 54 | Cap: Timber | Hits: 0
  FT next GW: 1 | Bank: 0.5m | Squad val: 93.6m
  [SAVED]

----------------------------------------------------------------------
  GW 5  |  FT: 1  |  Bank: 0.5m
  [TEAM FORM] GW5 top attack: [(7, 3.0), (1, 2.6666666666666665), (13, 2.0)] | top defence: [(1, 1.0), (3, 1.0), (8, 1.0)]
  [MILP-H] plan ahead: GW6:2t, GW7:2t, GW8:2t, GW9:2t | chips: wc1@GW5, tc1@GW7, bb1@GW8 | ft_plan {5: 1, 6: 5, 7: 4, 8: 3, 9: 2}
  [RETRAIN] History (w=1.0) + GW1-5 actuals (w=6)...
    GK: 4757 rows
    DEF: 19787 rows
    MID: 23422 rows
    FWD: 5976 rows
  Predicted: 55.5 | Actual: 41 | Cap: Haaland [WC1] | Hits: 0
  FT next GW: 2 | Bank: 0.0m | Squad val: 94.2m
  [SAVED]

----------------------------------------------------------------------
  GW 6  |  FT: 2  |  Bank: 0.0m
  [TEAM FORM] GW6 top attack: [(13, 2.3333333333333335), (6, 1.6666666666666667), (7, 1.6666666666666667)] | top defence: [(8, 1.0), (13, 1.0), (15, 1.0)]
  [CHIP-GUARD] WC held — only 1 squad players below replacement (< 4)
  [MILP-H] plan ahead: GW7:1t, GW9:2t, GW10:1t | chips: tc1@GW6, bb1@GW10 | ft_plan {6: 2, 7: 1, 8: 1, 9: 2, 10: 1}
  [RETRAIN] History (w=1.0) + GW1-6 actuals (w=7)...
    GK: 4843 rows
    DEF: 20032 rows
    MID: 23751 rows
    FWD: 6058 rows
  Predicted: 63.7 | Actual: 84 | Cap: Haaland [TC1] | Hits: 0
  FT next GW: 1 | Bank: 0.4m | Squad val: 94.3m
  [SAVED]

----------------------------------------------------------------------
  GW 7  |  FT: 1  |  Bank: 0.4m
  [TEAM FORM] GW7 top attack: [(13, 3.0), (1, 2.0), (5, 2.0)] | top defence: [(8, 1.0), (15, 1.0), (13, 0.6666666666666666)]
  [CHIP-GUARD] WC held — only 1 squad players below replacement (< 4)
  [MILP-H] plan ahead: GW8:1t, GW9:1t, GW10:1t, GW11:1t | chips: bb1@GW9 | ft_plan {7: 1, 8: 1, 9: 1, 10: 1, 11: 1}
  [RETRAIN] History (w=1.0) + GW1-7 actuals (w=8)...
    GK: 4929 rows
    DEF: 20277 rows
    MID: 24081 rows
    FWD: 6140 rows
  Predicted: 48.5 | Actual: 74 | Cap: Haaland | Hits: 0
  FT next GW: 1 | Bank: 0.4m | Squad val: 94.7m
  [SAVED]

----------------------------------------------------------------------
  GW 8  |  FT: 1  |  Bank: 0.4m
  [TEAM FORM] GW8 top attack: [(13, 2.6666666666666665), (2, 2.0), (6, 2.0)] | top defence: [(8, 1.0), (15, 1.0), (4, 0.6666666666666666)]
  [CHIP-GUARD] WC held — only 2 squad players below replacement (< 4)
  [MILP-H] plan ahead: GW9:1t, GW10:1t, GW11:1t, GW12:1t | chips: bb1@GW9 | ft_plan {8: 1, 9: 1, 10: 1, 11: 1, 12: 1}
  [RETRAIN] History (w=1.0) + GW1-8 actuals (w=9)...
    GK: 5015 rows
    DEF: 20523 rows
    MID: 24412 rows
    FWD: 6222 rows
  Predicted: 50.6 | Actual: 68 | Cap: Haaland | Hits: 0
  FT next GW: 1 | Bank: 0.4m | Squad val: 95.7m
  [SAVED]

----------------------------------------------------------------------
  GW 9  |  FT: 1  |  Bank: 0.4m
  [TEAM FORM] GW9 top attack: [(13, 3.0), (2, 2.3333333333333335), (6, 2.0)] | top defence: [(1, 0.6666666666666666), (7, 0.6666666666666666), (8, 0.6666666666666666)]
  [CHIP-GUARD] WC held — only 1 squad players below replacement (< 4)
  [MILP-H] plan ahead: GW10:1t, GW11:1t, GW12:1t, GW13:1t | chips: bb1@GW9 | ft_plan {9: 1, 10: 1, 11: 1, 12: 1, 13: 1}
  [RETRAIN] History (w=1.0) + GW1-9 actuals (w=10)...
    GK: 5101 rows
    DEF: 20769 rows
    MID: 24744 rows
    FWD: 6304 rows
  Predicted: 50.2 | Actual: 67 | Cap: Haaland [BB1] | Hits: 0
  FT next GW: 1 | Bank: 0.9m | Squad val: 95.7m
  [SAVED]

----------------------------------------------------------------------
  GW 10  |  FT: 1  |  Bank: 0.9m
  [TEAM FORM] GW10 top attack: [(14, 2.6666666666666665), (3, 2.0), (4, 2.0)] | top defence: [(1, 1.0), (13, 1.0), (14, 1.0)]
  [CHIP-GUARD] WC held — only 2 squad players below replacement (< 4)
  [MILP-H] plan ahead: GW11:1t, GW12:1t, GW13:1t, GW14:1t | chips: none | ft_plan {10: 1, 11: 1, 12: 1, 13: 1, 14: 1}
  [RETRAIN] History (w=1.0) + GW1-10 actuals (w=11)...
    GK: 5187 rows
    DEF: 21016 rows
    MID: 25076 rows
    FWD: 6386 rows
  Predicted: 54.3 | Actual: 47 | Cap: Haaland | Hits: 0
  FT next GW: 1 | Bank: 1.2m | Squad val: 95.6m
  [SAVED]

----------------------------------------------------------------------
  GW 11  |  FT: 1  |  Bank: 1.2m
  [TEAM FORM] GW11 top attack: [(14, 2.6666666666666665), (6, 2.3333333333333335), (4, 2.0)] | top defence: [(1, 1.0), (13, 1.0), (6, 0.6666666666666666)]
  [CHIP-GUARD] WC held — only 1 squad players below replacement (< 4)
  [MILP-H] plan ahead: GW12:1t, GW13:1t, GW14:1t, GW15:5t | chips: none | ft_plan {11: 1, 12: 1, 13: 1, 14: 1, 15: 5}
  [RETRAIN] History (w=1.0) + GW1-11 actuals (w=12)...
    GK: 5273 rows
    DEF: 21265 rows
    MID: 25410 rows
    FWD: 6469 rows
  Predicted: 52.8 | Actual: 29 | Cap: Haaland | Hits: 0
  FT next GW: 1 | Bank: 0.6m | Squad val: 96.1m
  [SAVED]

----------------------------------------------------------------------
  GW 12  |  FT: 1  |  Bank: 0.6m
  [TEAM FORM] GW12 top attack: [(14, 2.6666666666666665), (5, 2.0), (13, 2.0)] | top defence: [(8, 1.0), (13, 1.0), (1, 0.6666666666666666)]
  [CHIP-GUARD] WC held — only 2 squad players below replacement (< 4)
  [MILP-H] plan ahead: GW13:1t, GW14:1t, GW15:3t, GW16:3t | chips: none | ft_plan {12: 1, 13: 1, 14: 1, 15: 5, 16: 3}
  [RETRAIN] History (w=1.0) + GW1-12 actuals (w=13)...
    GK: 5360 rows
    DEF: 21514 rows
    MID: 25746 rows
    FWD: 6552 rows
  Predicted: 48.4 | Actual: 32 | Cap: Haaland | Hits: 0
  FT next GW: 1 | Bank: 0.3m | Squad val: 96.4m
  [SAVED]

----------------------------------------------------------------------
  GW 13  |  FT: 1  |  Bank: 0.3m
  [TEAM FORM] GW13 top attack: [(1, 2.6666666666666665), (16, 2.6666666666666665), (13, 2.3333333333333335)] | top defence: [(7, 1.0), (8, 1.0), (13, 1.0)]
  [MILP-H] plan ahead: GW14:1t, GW15:5t, GW16:1t, GW17:1t | chips: none | ft_plan {13: 1, 14: 1, 15: 5, 16: 1, 17: 1}
  [RETRAIN] History (w=1.0) + GW1-13 actuals (w=14)...
    GK: 5447 rows
    DEF: 21763 rows
    MID: 26082 rows
    FWD: 6635 rows
  Predicted: 47.7 | Actual: 17 | Cap: Haaland | Hits: 1
  FT next GW: 1 | Bank: 0.3m | Squad val: 96.2m
  [SAVED]

----------------------------------------------------------------------
  GW 14  |  FT: 1  |  Bank: 0.3m
  [TEAM FORM] GW14 top attack: [(1, 2.3333333333333335), (2, 2.3333333333333335), (5, 2.3333333333333335)] | top defence: [(2, 0.6666666666666666), (5, 0.6666666666666666), (6, 0.6666666666666666)]
  [MILP-H] plan ahead: GW15:5t, GW16:1t, GW17:1t, GW18:1t | chips: none | ft_plan {14: 1, 15: 5, 16: 1, 17: 1, 18: 1}
  [RETRAIN] History (w=1.0) + GW1-14 actuals (w=15)...
    GK: 5535 rows
    DEF: 22012 rows
    MID: 26420 rows
    FWD: 6718 rows
  Predicted: 47.3 | Actual: 44 | Cap: Borges Fernandes | Hits: 1
  FT next GW: 5 | Bank: 5.3m | Squad val: 91.0m
  [SAVED]

----------------------------------------------------------------------
  GW 15  |  FT: 5  |  Bank: 5.3m
  [TEAM FORM] GW15 top attack: [(13, 2.6666666666666665), (15, 2.6666666666666665), (1, 2.3333333333333335)] | top defence: [(5, 0.6666666666666666), (8, 0.6666666666666666), (9, 0.6666666666666666)]
  [MILP-H] plan ahead: GW16:1t, GW17:1t, GW18:1t, GW19:1t | chips: none | ft_plan {15: 5, 16: 1, 17: 1, 18: 1, 19: 1}
  [RETRAIN] History (w=1.0) + GW1-15 actuals (w=16)...
    GK: 5623 rows
    DEF: 22262 rows
    MID: 26758 rows
    FWD: 6801 rows
  Predicted: 51.8 | Actual: 48 | Cap: Haaland | Hits: 0
  FT next GW: 1 | Bank: 0.1m | Squad val: 95.9m
  [SAVED]

----------------------------------------------------------------------
  GW 16  |  FT: 1  |  Bank: 0.1m
  [TEAM FORM] GW16 top attack: [(13, 3.6666666666666665), (11, 2.6666666666666665), (15, 2.6666666666666665)] | top defence: [(12, 1.0), (4, 0.6666666666666666), (6, 0.6666666666666666)]
  [MILP-H] plan ahead: GW17:1t, GW18:1t, GW19:1t, GW20:7t | chips: wc2@GW20 | ft_plan {16: 1, 17: 1, 18: 1, 19: 1, 20: 1}
  [RETRAIN] History (w=1.0) + GW1-16 actuals (w=17)...
    GK: 5711 rows
    DEF: 22513 rows
    MID: 27096 rows
    FWD: 6884 rows
  Predicted: 47.3 | Actual: 58 | Cap: Foden | Hits: 1
  FT next GW: 1 | Bank: 4.8m | Squad val: 91.8m
  [SAVED]

----------------------------------------------------------------------
  GW 17  |  FT: 1  |  Bank: 4.8m
  [TEAM FORM] GW17 top attack: [(13, 4.0), (14, 3.0), (2, 2.6666666666666665)] | top defence: [(12, 1.0), (13, 1.0), (1, 0.6666666666666666)]
  [MILP-H] plan ahead: GW18:1t, GW19:1t, GW20:7t, GW21:5t | chips: wc2@GW20 | ft_plan {17: 1, 18: 1, 19: 1, 20: 1, 21: 5}
  [RETRAIN] History (w=1.0) + GW1-17 actuals (w=18)...
    GK: 5799 rows
    DEF: 22768 rows
    MID: 27440 rows
    FWD: 6967 rows
  Predicted: 51.4 | Actual: 36 | Cap: Borges Fernandes | Hits: 0
  FT next GW: 1 | Bank: 3.7m | Squad val: 93.0m
  [SAVED]

----------------------------------------------------------------------
  GW 18  |  FT: 1  |  Bank: 3.7m
  [TEAM FORM] GW18 top attack: [(13, 4.0), (14, 3.0), (11, 2.6666666666666665)] | top defence: [(13, 1.0), (1, 0.6666666666666666), (4, 0.6666666666666666)]
  [MILP-H] plan ahead: GW19:1t, GW20:9t, GW21:2t, GW22:4t | chips: wc2@GW20 | ft_plan {18: 1, 19: 1, 20: 1, 21: 5, 22: 4}
  [RETRAIN] History (w=1.0) + GW1-18 actuals (w=19)...
    GK: 5887 rows
    DEF: 23025 rows
    MID: 27787 rows
    FWD: 7050 rows
  Predicted: 51.9 | Actual: 22 | Cap: Haaland | Hits: 2
  FT next GW: 1 | Bank: 0.1m | Squad val: 96.2m
  [SAVED]

----------------------------------------------------------------------
  GW 19  |  FT: 1  |  Bank: 0.1m
  [TEAM FORM] GW19 top attack: [(13, 3.6666666666666665), (2, 2.0), (5, 2.0)] | top defence: [(1, 0.6666666666666666), (3, 0.6666666666666666), (5, 0.6666666666666666)]
  [MILP-H] plan ahead: GW20:12t, GW21:3t, GW22:2t, GW23:2t | chips: wc2@GW20 | ft_plan {19: 1, 20: 1, 21: 5, 22: 3, 23: 2}
  [RETRAIN] History (w=1.0) + GW1-19 actuals (w=20)...
    GK: 5975 rows
    DEF: 23282 rows
    MID: 28137 rows
    FWD: 7135 rows
  Predicted: 48.1 | Actual: 37 | Cap: Haaland | Hits: 0
  FT next GW: 1 | Bank: 0.0m | Squad val: 96.1m
  [SAVED]

----------------------------------------------------------------------
  GW 20  |  FT: 1  |  Bank: 0.0m
  [TEAM FORM] GW20 top attack: [(13, 2.3333333333333335), (1, 2.0), (2, 1.6666666666666667)] | top defence: [(1, 0.6666666666666666), (3, 0.6666666666666666), (5, 0.6666666666666666)]
  [MILP-H] plan ahead: GW21:3t, GW22:3t, GW23:1t, GW24:1t | chips: wc2@GW20 | ft_plan {20: 1, 21: 5, 22: 3, 23: 1, 24: 1}
  [RETRAIN] History (w=1.0) + GW1-20 actuals (w=21)...
    GK: 6066 rows
    DEF: 23541 rows
    MID: 28491 rows
    FWD: 7221 rows
  Predicted: 52.2 | Actual: 37 | Cap: Watkins [WC2] | Hits: 0
  FT next GW: 2 | Bank: 0.2m | Squad val: 95.8m
  [SAVED]

----------------------------------------------------------------------
  GW 21  |  FT: 2  |  Bank: 0.2m
  [TEAM FORM] GW21 top attack: [(1, 2.6666666666666665), (5, 2.3333333333333335), (2, 2.0)] | top defence: [(18, 1.0), (5, 0.6666666666666666), (9, 0.6666666666666666)]
  [CHIP-GUARD] WC held — only 0 squad players below replacement (< 4)
  [MILP-H] plan ahead: GW22:1t, GW23:1t, GW24:1t, GW25:1t | chips: none | ft_plan {21: 2, 22: 1, 23: 1, 24: 1, 25: 1}
  [RETRAIN] History (w=1.0) + GW1-21 actuals (w=22)...
    GK: 6157 rows
    DEF: 23802 rows
    MID: 28847 rows
    FWD: 7308 rows
  Predicted: 50.0 | Actual: 68 | Cap: Nascimento Rodrigues | Hits: 0
  FT next GW: 1 | Bank: 2.9m | Squad val: 93.4m
  [SAVED]

----------------------------------------------------------------------
  GW 22  |  FT: 1  |  Bank: 2.9m
  [TEAM FORM] GW22 top attack: [(15, 3.0), (1, 2.3333333333333335), (5, 2.3333333333333335)] | top defence: [(5, 1.0), (13, 1.0), (1, 0.6666666666666666)]
  [CHIP-GUARD] WC held — only 0 squad players below replacement (< 4)
  [MILP-H] plan ahead: GW23:1t, GW24:1t, GW25:1t, GW26:1t | chips: bb2@GW26 | ft_plan {22: 1, 23: 1, 24: 1, 25: 1, 26: 1}
  [RETRAIN] History (w=1.0) + GW1-22 actuals (w=23)...
    GK: 6248 rows
    DEF: 24064 rows
    MID: 29205 rows
    FWD: 7396 rows
  Predicted: 51.9 | Actual: 28 | Cap: Haaland | Hits: 2
  FT next GW: 1 | Bank: 0.3m | Squad val: 95.9m
  [SAVED]

----------------------------------------------------------------------
  GW 23  |  FT: 1  |  Bank: 0.3m
  [TEAM FORM] GW23 top attack: [(5, 2.3333333333333335), (15, 2.0), (4, 1.6666666666666667)] | top defence: [(1, 0.6666666666666666), (5, 0.6666666666666666), (13, 0.6666666666666666)]
  [CHIP-GUARD] WC held — only 2 squad players below replacement (< 4)
  [MILP-H] plan ahead: GW24:1t, GW25:1t, GW26:1t, GW27:1t | chips: tc2@GW26 | ft_plan {23: 1, 24: 1, 25: 1, 26: 1, 27: 1}
  [RETRAIN] History (w=1.0) + GW1-23 actuals (w=24)...
    GK: 6340 rows
    DEF: 24326 rows
    MID: 29566 rows
    FWD: 7484 rows
  Predicted: 49.4 | Actual: 41 | Cap: Haaland | Hits: 1
  FT next GW: 1 | Bank: 0.0m | Squad val: 96.6m
  [SAVED]

----------------------------------------------------------------------
  GW 24  |  FT: 1  |  Bank: 0.0m
  [TEAM FORM] GW24 top attack: [(14, 2.3333333333333335), (4, 2.0), (7, 2.0)] | top defence: [(1, 0.6666666666666666), (2, 0.6666666666666666), (7, 0.6666666666666666)]
  [CHIP-GUARD] WC held — only 1 squad players below replacement (< 4)
  [MILP-H] plan ahead: GW25:1t, GW26:1t, GW27:1t, GW28:1t | chips: tc2@GW26 | ft_plan {24: 1, 25: 1, 26: 1, 27: 1, 28: 1}
  [RETRAIN] History (w=1.0) + GW1-24 actuals (w=25)...
    GK: 6433 rows
    DEF: 24589 rows
    MID: 29931 rows
    FWD: 7574 rows
  Predicted: 47.3 | Actual: 41 | Cap: Nascimento Rodrigues | Hits: 2
  FT next GW: 1 | Bank: 3.2m | Squad val: 93.6m
  [SAVED]

----------------------------------------------------------------------
  GW 25  |  FT: 1  |  Bank: 3.2m
  [TEAM FORM] GW25 top attack: [(7, 2.6666666666666665), (14, 2.6666666666666665), (12, 2.3333333333333335)] | top defence: [(1, 0.6666666666666666), (4, 0.6666666666666666), (7, 0.6666666666666666)]
  [CHIP-GUARD] WC held — only 1 squad players below replacement (< 4)
  [MILP-H] plan ahead: GW26:1t, GW27:1t, GW28:1t, GW29:1t | chips: tc2@GW26 | ft_plan {25: 1, 26: 1, 27: 1, 28: 1, 29: 1}
  [RETRAIN] History (w=1.0) + GW1-25 actuals (w=26)...
    GK: 6527 rows
    DEF: 24854 rows
    MID: 30298 rows
    FWD: 7665 rows
  Predicted: 52.9 | Actual: 39 | Cap: dos Santos Magalhães | Hits: 1
  FT next GW: 1 | Bank: 0.6m | Squad val: 96.6m
  [SAVED]

----------------------------------------------------------------------
  GW 26  |  FT: 1  |  Bank: 0.6m
  [TEAM FORM] GW26 top attack: [(7, 3.0), (1, 2.6666666666666665), (14, 2.6666666666666665)] | top defence: [(1, 0.6666666666666666), (11, 0.6666666666666666), (13, 0.6666666666666666)]
  [CHIP-GUARD] WC held — only 1 squad players below replacement (< 4)
  [MILP-H] plan ahead: GW27:1t, GW28:2t/-4, GW29:1t, GW30:1t | chips: tc2@GW26 | ft_plan {26: 1, 27: 1, 28: 1, 29: 1, 30: 1}
  [RETRAIN] History (w=1.0) + GW1-26 actuals (w=27)...
    GK: 6621 rows
    DEF: 25119 rows
    MID: 30665 rows
    FWD: 7756 rows
  Predicted: 71.9 | Actual: 101 | Cap: dos Santos Magalhães [TC2] | Hits: 0
  FT next GW: 1 | Bank: 2.7m | Squad val: 94.7m
  [SAVED]

----------------------------------------------------------------------
  GW 27  |  FT: 1  |  Bank: 2.7m
  [TEAM FORM] GW27 top attack: [(1, 3.3333333333333335), (7, 2.6666666666666665), (13, 2.3333333333333335)] | top defence: [(1, 1.0), (6, 0.6666666666666666), (13, 0.6666666666666666)]
  [CHIP-GUARD] WC held — only 1 squad players below replacement (< 4)
  [MILP-H] plan ahead: GW28:1t, GW29:1t, GW30:1t, GW31:9t | chips: fh2@GW31 | ft_plan {27: 1, 28: 1, 29: 1, 30: 1, 31: 1}
  [RETRAIN] History (w=1.0) + GW1-27 actuals (w=28)...
    GK: 6715 rows
    DEF: 25384 rows
    MID: 31032 rows
    FWD: 7848 rows
  Predicted: 52.8 | Actual: 41 | Cap: Palmer | Hits: 0
  FT next GW: 1 | Bank: 2.1m | Squad val: 95.5m
  [SAVED]

----------------------------------------------------------------------
  GW 28  |  FT: 1  |  Bank: 2.1m
  [TEAM FORM] GW28 top attack: [(1, 3.3333333333333335), (13, 2.3333333333333335), (7, 2.0)] | top defence: [(19, 1.0), (1, 0.6666666666666666), (6, 0.6666666666666666)]
  [CHIP-GUARD] WC held — only 2 squad players below replacement (< 4)
  [MILP-H] plan ahead: GW29:1t, GW30:1t, GW31:9t, GW32:2t | chips: fh2@GW31 | ft_plan {28: 1, 29: 1, 30: 1, 31: 1, 32: 2}
  [RETRAIN] History (w=1.0) + GW1-28 actuals (w=29)...
    GK: 6809 rows
    DEF: 25650 rows
    MID: 31399 rows
    FWD: 7940 rows
  Predicted: 49.7 | Actual: 67 | Cap: van Dijk | Hits: 0
  FT next GW: 1 | Bank: 2.5m | Squad val: 95.3m
  [SAVED]

----------------------------------------------------------------------
  GW 29  |  FT: 1  |  Bank: 2.5m
  [TEAM FORM] GW29 top attack: [(1, 3.0), (12, 2.0), (13, 2.0)] | top defence: [(20, 1.0), (6, 0.6666666666666666), (7, 0.6666666666666666)]
  [CHIP-GUARD] WC held — only 0 squad players below replacement (< 4)
  [MILP-H] plan ahead: GW30:1t, GW31:11t, GW33:3t | chips: fh2@GW31, bb2@GW33 | ft_plan {29: 1, 30: 1, 31: 1, 32: 2, 33: 3}
  [RETRAIN] History (w=1.0) + GW1-29 actuals (w=30)...
    GK: 6903 rows
    DEF: 25916 rows
    MID: 31767 rows
    FWD: 8032 rows
  Predicted: 52.7 | Actual: 62 | Cap: van Dijk | Hits: 2
  FT next GW: 1 | Bank: 0.3m | Squad val: 97.6m
  [SAVED]

----------------------------------------------------------------------
  GW 30  |  FT: 1  |  Bank: 0.3m
  [TEAM FORM] GW30 top attack: [(1, 2.3333333333333335), (12, 2.0), (7, 1.6666666666666667)] | top defence: [(20, 1.0), (4, 0.6666666666666666), (10, 0.6666666666666666)]
  [CHIP-GUARD] WC held — only 0 squad players below replacement (< 4)
  [MILP-H] plan ahead: GW31:2t/-4, GW32:1t, GW33:1t, GW34:11t | chips: bb2@GW33, fh2@GW34 | ft_plan {30: 1, 31: 1, 32: 1, 33: 1, 34: 1}
  [RETRAIN] History (w=1.0) + GW1-30 actuals (w=31)...
    GK: 6997 rows
    DEF: 26182 rows
    MID: 32137 rows
    FWD: 8124 rows
  Predicted: 50.3 | Actual: 52 | Cap: Rice | Hits: 1
  FT next GW: 1 | Bank: 0.9m | Squad val: 97.2m
  [SAVED]

----------------------------------------------------------------------
  GW 31  |  FT: 1  |  Bank: 0.9m
  [TEAM FORM] GW31 top attack: [(5, 2.0), (12, 2.0), (14, 2.0)] | top defence: [(1, 0.6666666666666666), (4, 0.6666666666666666), (9, 0.6666666666666666)]
  [CHIP-GUARD] WC held — only 0 squad players below replacement (< 4)
  [MILP-H] plan ahead: GW33:2t, GW34:12t, GW35:2t | chips: bb2@GW33, fh2@GW34 | ft_plan {31: 1, 32: 1, 33: 2, 34: 1, 35: 2}
  [RETRAIN] History (w=1.0) + GW1-31 actuals (w=32)...
    GK: 7078 rows
    DEF: 26395 rows
    MID: 32433 rows
    FWD: 8198 rows
  Predicted: 44.3 | Actual: 38 | Cap: Junqueira de Jesus | Hits: 2
  FT next GW: 1 | Bank: 0.4m | Squad val: 98.0m
  [SAVED]

----------------------------------------------------------------------
  GW 32  |  FT: 1  |  Bank: 0.4m
  [TEAM FORM] GW32 top attack: [(20, 2.0), (1, 1.6666666666666667), (9, 1.6666666666666667)] | top defence: [(9, 1.0), (11, 1.0), (1, 0.6666666666666666)]
  [CHIP-GUARD] WC held — only 0 squad players below replacement (< 4)
  [MILP-H] plan ahead: GW33:2t, GW34:10t, GW35:2t, GW36:1t | chips: bb2@GW33, fh2@GW34 | ft_plan {32: 1, 33: 2, 34: 1, 35: 2, 36: 1}
  [RETRAIN] History (w=1.0) + GW1-32 actuals (w=33)...
    GK: 7173 rows
    DEF: 26663 rows
    MID: 32804 rows
    FWD: 8290 rows
  Predicted: 49.4 | Actual: 71 | Cap: Borges Fernandes | Hits: 0
  FT next GW: 2 | Bank: 0.4m | Squad val: 98.3m
  [SAVED]

----------------------------------------------------------------------
  GW 33  |  FT: 2  |  Bank: 0.4m
  [TEAM FORM] GW33 top attack: [(13, 2.0), (6, 1.6666666666666667), (8, 1.6666666666666667)] | top defence: [(1, 0.6666666666666666), (6, 0.6666666666666666), (9, 0.6666666666666666)]
  [CHIP-GUARD] WC held — only 1 squad players below replacement (< 4)
  [MILP-H] plan ahead: GW34:11t, GW35:2t, GW36:1t, GW37:1t | chips: bb2@GW33, fh2@GW34 | ft_plan {33: 2, 34: 1, 35: 2, 36: 1, 37: 1}
  [RETRAIN] History (w=1.0) + GW1-33 actuals (w=34)...
    GK: 7269 rows
    DEF: 26931 rows
    MID: 33177 rows
    FWD: 8382 rows
  Predicted: 71.8 | Actual: 96 | Cap: Junqueira de Jesus [BB2] | Hits: 0
  FT next GW: 1 | Bank: 1.6m | Squad val: 96.5m
  [SAVED]

----------------------------------------------------------------------
  GW 34  |  FT: 1  |  Bank: 1.6m
  [TEAM FORM] GW34 top attack: [(6, 3.0), (4, 2.6666666666666665), (16, 2.6666666666666665)] | top defence: [(5, 0.6666666666666666), (6, 0.6666666666666666), (8, 0.6666666666666666)]
  [MILP-H] plan ahead: GW35:3t/-4, GW36:1t, GW37:1t, GW38:1t | chips: fh2@GW34 | ft_plan {34: 1, 35: 2, 36: 1, 37: 1, 38: 1}
  [RETRAIN] History (w=1.0) + GW1-34 actuals (w=35)...
    GK: 7335 rows
    DEF: 27122 rows
    MID: 33434 rows
    FWD: 8450 rows
  Predicted: 53.0 | Actual: 65 | Cap: Watkins [FH2] | Hits: 0
  FT next GW: 2 | Bank: 1.6m | Squad val: 96.7m
  [SAVED]

----------------------------------------------------------------------
  GW 35  |  FT: 2  |  Bank: 1.6m
  [TEAM FORM] GW35 top attack: [(6, 3.0), (16, 3.0), (4, 2.6666666666666665)] | top defence: [(19, 1.0), (6, 0.6666666666666666), (10, 0.6666666666666666)]
  [MILP-H] plan ahead: GW36:1t, GW37:1t, GW38:1t | chips: none | ft_plan {35: 2, 36: 1, 37: 1, 38: 1}
  [RETRAIN] History (w=1.0) + GW1-35 actuals (w=36)...
    GK: 7432 rows
    DEF: 27391 rows
    MID: 33807 rows
    FWD: 8543 rows
  Predicted: 53.6 | Actual: 46 | Cap: Gibbs-White | Hits: 0
  FT next GW: 1 | Bank: 6.4m | Squad val: 92.4m
  [SAVED]

----------------------------------------------------------------------
  GW 36  |  FT: 1  |  Bank: 6.4m
  [TEAM FORM] GW36 top attack: [(16, 3.6666666666666665), (11, 3.0), (13, 3.0)] | top defence: [(1, 0.6666666666666666), (4, 0.6666666666666666), (5, 0.6666666666666666)]
  [MILP-H] plan ahead: GW37:1t, GW38:1t | chips: none | ft_plan {36: 1, 37: 1, 38: 1}
  [RETRAIN] History (w=1.0) + GW1-36 actuals (w=37)...
    GK: 7529 rows
    DEF: 27661 rows
    MID: 34185 rows
    FWD: 8636 rows
  Predicted: 67.8 | Actual: 85 | Cap: Haaland | Hits: 1
  FT next GW: 1 | Bank: 0.2m | Squad val: 98.3m
  [SAVED]

----------------------------------------------------------------------
  GW 37  |  FT: 1  |  Bank: 0.2m
  [TEAM FORM] GW37 top attack: [(13, 4.0), (6, 3.0), (11, 2.6666666666666665)] | top defence: [(1, 1.0), (4, 1.0), (16, 1.0)]
  [MILP-H] plan ahead: GW38:1t | chips: none | ft_plan {37: 1, 38: 1}
  [RETRAIN] History (w=1.0) + GW1-37 actuals (w=38)...
    GK: 7626 rows
    DEF: 27931 rows
    MID: 34564 rows
    FWD: 8730 rows
  Predicted: 47.5 | Actual: 59 | Cap: Borges Fernandes | Hits: 0
  FT next GW: 1 | Bank: 0.9m | Squad val: 97.8m
  [SAVED]

----------------------------------------------------------------------
  GW 38  |  FT: 1  |  Bank: 0.9m
  [TEAM FORM] GW38 top attack: [(13, 3.3333333333333335), (2, 2.3333333333333335), (15, 2.3333333333333335)] | top defence: [(1, 1.0), (4, 1.0), (6, 0.6666666666666666)]
  [MILP-H] plan ahead: hold | chips: none | ft_plan {38: 1}
  Predicted: 50.6 | Actual: 53 | Cap: dos Santos Magalhães | Hits: 0
  FT next GW: 1 | Bank: 1.4m | Squad val: 97.3m
  [SAVED]

======================================================================
  SIMULATION COMPLETE
  Total actual pts:    2029
  Total predicted:     2057.2
  Total penalties:     -72
  Chips used:          ['wc1', 'tc1', 'bb1', 'wc2', 'tc2', 'bb2', 'fh2']
======================================================================
